<?xml version="1.0" encoding="UTF-8"?>
<testsuite name="facens.arquiteturaweb.aula3.Aula3ApplicationTests" tests="1" skipped="0" failures="0" errors="0" timestamp="2024-03-31T02:16:36" hostname="KAUANSOUZA" time="0.653">
  <properties/>
  <testcase name="contextLoads()" classname="facens.arquiteturaweb.aula3.Aula3ApplicationTests" time="0.653"/>
  <system-out><![CDATA[23:16:34.491 [Test worker] INFO org.springframework.test.context.support.AnnotationConfigContextLoaderUtils -- Could not detect default configuration classes for test class [facens.arquiteturaweb.aula3.Aula3ApplicationTests]: Aula3ApplicationTests does not declare any static, non-private, non-final, nested classes annotated with @Configuration.
23:16:34.607 [Test worker] INFO org.springframework.boot.test.context.SpringBootTestContextBootstrapper -- Found @SpringBootConfiguration facens.arquiteturaweb.aula3.KauansfApplication for test class facens.arquiteturaweb.aula3.Aula3ApplicationTests

  .   ____          _            __ _ _
 /\\ / ___'_ __ _ _(_)_ __  __ _ \ \ \ \
( ( )\___ | '_ | '_| | '_ \/ _` | \ \ \ \
 \\/  ___)| |_)| | | | | || (_| |  ) ) ) )
  '  |____| .__|_| |_|_| |_\__, | / / / /
 =========|_|==============|___/=/_/_/_/
 :: Spring Boot ::                (v3.2.1)

2024-03-30T23:16:34.992-03:00  INFO 13152 --- [    Test worker] f.a.aula3.Aula3ApplicationTests          : Starting Aula3ApplicationTests using Java 18.0.1 with PID 13152 (started by IdeaPad Gaming in C:\Users\IdeaPad Gaming\Desktop\Ac1\Aula4\arquiteturaweb-aulas)
2024-03-30T23:16:34.994-03:00  INFO 13152 --- [    Test worker] f.a.aula3.Aula3ApplicationTests          : No active profile set, falling back to 1 default profile: "default"
2024-03-30T23:16:36.034-03:00  INFO 13152 --- [    Test worker] f.a.aula3.Aula3ApplicationTests          : Started Aula3ApplicationTests in 1.272 seconds (process running for 2.427)
]]></system-out>
  <system-err><![CDATA[]]></system-err>
</testsuite>
